[2023-10-24 02:08:22,589: INFO: main: Welcome to custom login]
[2023-10-24 12:36:44,204: INFO: common: yaml file: config\config.yaml loaded successfully]
[2023-10-24 12:36:44,209: INFO: common: yaml file: params.yaml loaded successfully]
[2023-10-24 12:36:44,211: INFO: common: yaml file: schema.yaml loaded successfully]
[2023-10-24 12:36:44,212: INFO: common: created directory at: artifacts]
[2023-10-24 12:36:44,214: INFO: common: created directory at: artifacts/data_ingestion]
[2023-10-24 12:36:45,071: INFO: 2366278714: artifacts/data_ingestion/data.zip download! with following info: 
Connection: close
Content-Length: 23329
Cache-Control: max-age=300
Content-Security-Policy: default-src 'none'; style-src 'unsafe-inline'; sandbox
Content-Type: application/zip
ETag: "c69888a4ae59bc5a893392785a938ccd4937981c06ba8a9d6a21aa52b4ab5b6e"
Strict-Transport-Security: max-age=31536000
X-Content-Type-Options: nosniff
X-Frame-Options: deny
X-XSS-Protection: 1; mode=block
X-GitHub-Request-Id: 357A:7A33:110CAE:155D53:65376D04
Accept-Ranges: bytes
Date: Tue, 24 Oct 2023 07:06:45 GMT
Via: 1.1 varnish
X-Served-By: cache-maa10232-MAA
X-Cache: MISS
X-Cache-Hits: 0
X-Timer: S1698131205.982552,VS0,VE312
Vary: Authorization,Accept-Encoding,Origin
Access-Control-Allow-Origin: *
Cross-Origin-Resource-Policy: cross-origin
X-Fastly-Request-ID: a83a54f680109ae01d017fab6c4587f2d64cf6dc
Expires: Tue, 24 Oct 2023 07:11:45 GMT
Source-Age: 0

]
[2023-10-24 14:19:49,716: INFO: main: >>>>>> stage Data Ingestion stage started <<<<<<]
[2023-10-24 14:19:49,718: INFO: common: yaml file: config\config.yaml loaded successfully]
[2023-10-24 14:19:49,718: INFO: common: yaml file: params.yaml loaded successfully]
[2023-10-24 14:19:49,718: INFO: common: yaml file: schema.yaml loaded successfully]
[2023-10-24 14:19:49,718: INFO: common: created directory at: artifacts]
[2023-10-24 14:19:49,718: INFO: common: created directory at: artifacts/data_ingestion]
[2023-10-24 14:19:50,787: INFO: data_ingestion: artifacts/data_ingestion/data.zip download! with following info: 
Connection: close
Content-Length: 23329
Cache-Control: max-age=300
Content-Security-Policy: default-src 'none'; style-src 'unsafe-inline'; sandbox
Content-Type: application/zip
ETag: "c69888a4ae59bc5a893392785a938ccd4937981c06ba8a9d6a21aa52b4ab5b6e"
Strict-Transport-Security: max-age=31536000
X-Content-Type-Options: nosniff
X-Frame-Options: deny
X-XSS-Protection: 1; mode=block
X-GitHub-Request-Id: 24A0:3C43:FB3DD:13080F:6537852F
Accept-Ranges: bytes
Date: Tue, 24 Oct 2023 08:49:51 GMT
Via: 1.1 varnish
X-Served-By: cache-maa10251-MAA
X-Cache: MISS
X-Cache-Hits: 0
X-Timer: S1698137391.343311,VS0,VE505
Vary: Authorization,Accept-Encoding,Origin
Access-Control-Allow-Origin: *
Cross-Origin-Resource-Policy: cross-origin
X-Fastly-Request-ID: ea0a68764725326834150680c191aed7cabb929c
Expires: Tue, 24 Oct 2023 08:54:51 GMT
Source-Age: 0

]
[2023-10-24 14:19:50,820: INFO: main: >>>>>> stage Data Ingestion stage completed <<<<<<

x==========x]
